<?xml version="1.0" encoding="UTF-8"?>
<!-- Generated by org.testng.reporters.JUnitXMLReporter -->
<testsuite ignored="4" hostname="Mohammed" failures="0" tests="2" name="myTest_Demo1" time="0.065" errors="0" timestamp="2026-06-25T12:38:40 IST">
  <testcase classname="Selenium_Java_TestNG_Part2.Test1" name="m1" time="0.006"/>
  <testcase classname="Selenium_Java_TestNG_Part2.Test1" name="m2" time="0.0"/>
  <testcase classname="Selenium_Java_TestNG_Part2.Test1" name="m4" time="0.0">
    <ignored/>
  </testcase> <!-- m4 -->
  <testcase classname="Selenium_Java_TestNG_Part2.Test1" name="m3" time="0.0">
    <ignored/>
  </testcase> <!-- m3 -->
  <testcase classname="Selenium_Java_TestNG_Part2.Test1" name="m6" time="0.0">
    <ignored/>
  </testcase> <!-- m6 -->
  <testcase classname="Selenium_Java_TestNG_Part2.Test1" name="m5" time="0.0">
    <ignored/>
  </testcase> <!-- m5 -->
</testsuite> <!-- myTest_Demo1 -->
