<?xml version="1.0" encoding="UTF-8"?>
<!-- Generated by org.testng.reporters.JUnitXMLReporter -->
<testsuite ignored="2" hostname="Mohammed" failures="0" tests="4" name="DemoTest1" time="0.082" errors="0" timestamp="2026-06-25T13:51:49 IST">
  <testcase classname="Selenium_Java_TestNG_Part2.Test1" name="m1" time="0.009"/>
  <testcase classname="Selenium_Java_TestNG_Part2.Test1" name="m2" time="0.001"/>
  <testcase classname="Selenium_Java_TestNG_Part2.Test1" name="m5" time="0.001"/>
  <testcase classname="Selenium_Java_TestNG_Part2.Test1" name="m6" time="0.001"/>
  <testcase classname="Selenium_Java_TestNG_Part2.Test1" name="m3" time="0.0">
    <ignored/>
  </testcase> <!-- m3 -->
  <testcase classname="Selenium_Java_TestNG_Part2.Test1" name="m4" time="0.0">
    <ignored/>
  </testcase> <!-- m4 -->
</testsuite> <!-- DemoTest1 -->
