<?xml version="1.0" encoding="UTF-8"?>
<testng-results ignored="2" total="6" passed="4" failed="0" skipped="0">
  <reporter-output>
  </reporter-output>
  <suite started-at="2026-06-25T13:51:48 IST" name="DemoSuite" finished-at="2026-06-25T13:51:49 IST" duration-ms="82">
    <groups>
      <group name="Sanity">
        <method signature="Test1.m1()[pri:0, instance:Selenium_Java_TestNG_Part2.Test1@478190fc]" name="m1" class="Selenium_Java_TestNG_Part2.Test1"/>
        <method signature="Test1.m2()[pri:0, instance:Selenium_Java_TestNG_Part2.Test1@478190fc]" name="m2" class="Selenium_Java_TestNG_Part2.Test1"/>
        <method signature="Test1.m5()[pri:0, instance:Selenium_Java_TestNG_Part2.Test1@478190fc]" name="m5" class="Selenium_Java_TestNG_Part2.Test1"/>
        <method signature="Test1.m6()[pri:0, instance:Selenium_Java_TestNG_Part2.Test1@478190fc]" name="m6" class="Selenium_Java_TestNG_Part2.Test1"/>
      </group> <!-- Sanity -->
      <group name="Regression">
        <method signature="Test1.m5()[pri:0, instance:Selenium_Java_TestNG_Part2.Test1@478190fc]" name="m5" class="Selenium_Java_TestNG_Part2.Test1"/>
        <method signature="Test1.m6()[pri:0, instance:Selenium_Java_TestNG_Part2.Test1@478190fc]" name="m6" class="Selenium_Java_TestNG_Part2.Test1"/>
      </group> <!-- Regression -->
    </groups>
    <test started-at="2026-06-25T13:51:48 IST" name="DemoTest1" finished-at="2026-06-25T13:51:49 IST" duration-ms="82">
      <class name="Selenium_Java_TestNG_Part2.Test1">
        <test-method signature="m1()[pri:0, instance:Selenium_Java_TestNG_Part2.Test1@478190fc]" started-at="2026-06-25T13:51:48 IST" name="m1" finished-at="2026-06-25T13:51:48 IST" duration-ms="9" status="PASS">
          <reporter-output>
          </reporter-output>
        </test-method> <!-- m1 -->
        <test-method signature="m2()[pri:0, instance:Selenium_Java_TestNG_Part2.Test1@478190fc]" started-at="2026-06-25T13:51:49 IST" name="m2" finished-at="2026-06-25T13:51:49 IST" duration-ms="1" status="PASS">
          <reporter-output>
          </reporter-output>
        </test-method> <!-- m2 -->
        <test-method signature="m5()[pri:0, instance:Selenium_Java_TestNG_Part2.Test1@478190fc]" started-at="2026-06-25T13:51:49 IST" name="m5" finished-at="2026-06-25T13:51:49 IST" duration-ms="1" status="PASS">
          <reporter-output>
          </reporter-output>
        </test-method> <!-- m5 -->
        <test-method signature="m6()[pri:0, instance:Selenium_Java_TestNG_Part2.Test1@478190fc]" started-at="2026-06-25T13:51:49 IST" name="m6" finished-at="2026-06-25T13:51:49 IST" duration-ms="1" status="PASS">
          <reporter-output>
          </reporter-output>
        </test-method> <!-- m6 -->
      </class> <!-- Selenium_Java_TestNG_Part2.Test1 -->
    </test> <!-- DemoTest1 -->
  </suite> <!-- DemoSuite -->
</testng-results>
