<?xml version="1.0" encoding="UTF-8"?>
<!-- Generated by org.testng.reporters.JUnitReportReporter -->
<testsuite hostname="Mohammed" failures="0" tests="4" name="Selenium_Java_TestNG_Part1.Test3_TestNg_WorkFlow" time="7.230" errors="0" timestamp="2026-06-25T11:42:36 IST" skipped="0">
  <testcase classname="Selenium_Java_TestNG_Part1.Test3_TestNg_WorkFlow" name="launchApp" time="3.875"/>
  <testcase classname="Selenium_Java_TestNG_Part1.Test3_TestNg_WorkFlow" name="verifyLogo" time="0.996"/>
  <testcase classname="Selenium_Java_TestNG_Part1.Test3_TestNg_WorkFlow" name="loginOperation" time="0.239"/>
  <testcase classname="Selenium_Java_TestNG_Part1.Test3_TestNg_WorkFlow" name="verifyLogin" time="2.120"/>
</testsuite> <!-- Selenium_Java_TestNG_Part1.Test3_TestNg_WorkFlow -->
