<?xml version="1.0" encoding="UTF-8"?>
<!-- Generated by org.testng.reporters.JUnitReportReporter -->
<testsuite hostname="Mohammed" failures="0" tests="4" name="Selenium_Java_TestNG_Part2.Test1" time="0.012" errors="0" timestamp="2026-06-25T13:51:49 IST" skipped="0">
  <testcase classname="Selenium_Java_TestNG_Part2.Test1" name="m1" time="0.009"/>
  <testcase classname="Selenium_Java_TestNG_Part2.Test1" name="m6" time="0.001"/>
  <testcase classname="Selenium_Java_TestNG_Part2.Test1" name="m5" time="0.001"/>
  <testcase classname="Selenium_Java_TestNG_Part2.Test1" name="m2" time="0.001"/>
</testsuite> <!-- Selenium_Java_TestNG_Part2.Test1 -->
