<?xml version="1.0" encoding="UTF-8"?>
<!-- Generated by org.testng.reporters.JUnitReportReporter -->
<testsuite hostname="Mohammed" failures="0" tests="2" name="Selenium_Java_TestNG_Part1.Test2_Priority" time="0.006" errors="0" timestamp="2026-06-25T11:42:36 IST" skipped="0">
  <testcase classname="Selenium_Java_TestNG_Part1.Test2_Priority" name="B" time="0.005"/>
  <testcase classname="Selenium_Java_TestNG_Part1.Test2_Priority" name="A" time="0.001"/>
</testsuite> <!-- Selenium_Java_TestNG_Part1.Test2_Priority -->
